[ERROR] 2016-12-17 23:01:02.334 [main] JavaDriver - This name is taken by another file
[ERROR] 2016-12-17 23:01:02.457 [main] JavaDriver - Execution isn't done
[ERROR] 2016-12-17 23:01:02.457 [main] JavaDriver - Execution isn't done
[ERROR] 2016-12-17 23:01:02.849 [main] JavaDriver - Execution isn't done
[ERROR] 2016-12-17 23:01:09.802 [main] JavaDriver - Error in execution
[ERROR] 2016-12-17 23:01:10.493 [main] JavaDriver - Execution isn't done
[ERROR] 2016-12-17 23:01:10.493 [main] JavaDriver - Execution isn't done
[ERROR] 2016-12-17 23:01:10.836 [main] JavaDriver - Execution isn't done
[ERROR] 2016-12-17 23:38:17.843 [main] JavaDriver - Execution isn't done
[ERROR] 2016-12-17 23:40:32.904 [main] JavaDriver - This name is taken by another file
[ERROR] 2016-12-17 23:41:37.949 [main] JavaDriver - Execution isn't done
[ERROR] 2016-12-17 23:42:50.774 [main] JavaDriver - Execution isn't done
[ERROR] 2016-12-17 23:47:18.922 [main] JavaDriver - Execution isn't done
[ERROR] 2016-12-27 13:04:33.091 [main] JavaDriver - Error in execution
[ERROR] 2016-12-27 13:04:33.189 [main] JavaDriver - Execution isn't done
[ERROR] 2016-12-27 13:04:33.189 [main] JavaDriver - Execution isn't done
[ERROR] 2016-12-27 13:04:33.360 [main] JavaDriver - Execution isn't done
[ERROR] 2016-12-27 13:05:59.040 [main] JavaDriver - Error in execution
[ERROR] 2016-12-27 13:05:59.136 [main] JavaDriver - Execution isn't done
[ERROR] 2016-12-27 13:05:59.137 [main] JavaDriver - Execution isn't done
[ERROR] 2016-12-27 13:05:59.344 [main] JavaDriver - Execution isn't done
[INFO ] 2016-12-27 13:08:02.925 [main] JavaDriver - A JDBC has been created
[INFO ] 2016-12-27 13:08:02.950 [main] JavaDriver - Connection created successfully
[INFO ] 2016-12-27 13:08:02.966 [main] JavaDriver - Execute only support Select
[INFO ] 2016-12-27 13:08:02.967 [main] JavaDriver - Execute only support Select
[INFO ] 2016-12-27 13:08:02.967 [main] JavaDriver - Statement is closed
[INFO ] 2016-12-27 13:08:03.024 [main] JavaDriver - Execute only support Select
[INFO ] 2016-12-27 13:08:03.037 [main] JavaDriver - Update is done successfully
[INFO ] 2016-12-27 13:08:03.045 [main] JavaDriver - Update is done successfully
[INFO ] 2016-12-27 13:08:03.054 [main] JavaDriver - Update is done successfully
[INFO ] 2016-12-27 13:08:03.065 [main] JavaDriver - Update is done successfully
[INFO ] 2016-12-27 13:08:03.084 [main] JavaDriver - Statement is closed
[INFO ] 2016-12-27 13:08:03.084 [main] JavaDriver - Connection closed sucessfully
[INFO ] 2016-12-27 13:08:03.087 [main] JavaDriver - A JDBC has been created
[INFO ] 2016-12-27 13:08:03.096 [main] JavaDriver - Connection created successfully
[INFO ] 2016-12-27 13:08:03.097 [main] JavaDriver - Execute only support Select
[INFO ] 2016-12-27 13:08:03.099 [main] JavaDriver - Execute only support Select
[INFO ] 2016-12-27 13:08:03.099 [main] JavaDriver - Statement is closed
[INFO ] 2016-12-27 13:08:03.173 [main] JavaDriver - Execute only support Select
[INFO ] 2016-12-27 13:08:03.191 [main] JavaDriver - Update is done successfully
[INFO ] 2016-12-27 13:08:03.225 [main] JavaDriver - Update is done successfully
[INFO ] 2016-12-27 13:08:03.249 [main] JavaDriver - Update is done successfully
[INFO ] 2016-12-27 13:08:03.269 [main] JavaDriver - Update is done successfully
[INFO ] 2016-12-27 13:08:03.270 [main] JavaDriver - Statement is closed
[INFO ] 2016-12-27 13:08:03.270 [main] JavaDriver - Connection closed sucessfully
[INFO ] 2016-12-27 13:08:03.271 [main] JavaDriver - A JDBC has been created
[INFO ] 2016-12-27 13:08:03.273 [main] JavaDriver - Connection created successfully
[INFO ] 2016-12-27 13:08:03.276 [main] JavaDriver - Execute only support Select
[INFO ] 2016-12-27 13:08:03.276 [main] JavaDriver - Execute only support Select
[INFO ] 2016-12-27 13:08:03.277 [main] JavaDriver - Statement is closed
[INFO ] 2016-12-27 13:08:03.282 [main] JavaDriver - Execute only support Select
[INFO ] 2016-12-27 13:08:03.291 [main] JavaDriver - Update is done successfully
[INFO ] 2016-12-27 13:08:03.302 [main] JavaDriver - Execute only support Select
[INFO ] 2016-12-27 13:08:03.325 [main] JavaDriver - Update is done successfully
[INFO ] 2016-12-27 13:08:03.338 [main] JavaDriver - Update is done successfully
[INFO ] 2016-12-27 13:08:03.356 [main] JavaDriver - Execution is done
[INFO ] 2016-12-27 13:08:03.379 [main] JavaDriver - Statement is closed
[INFO ] 2016-12-27 13:08:03.379 [main] JavaDriver - Connection closed sucessfully
[INFO ] 2016-12-27 13:08:03.380 [main] JavaDriver - A JDBC has been created
[INFO ] 2016-12-27 13:08:03.384 [main] JavaDriver - Connection created successfully
[INFO ] 2016-12-27 13:08:03.386 [main] JavaDriver - Execute only support Select
[INFO ] 2016-12-27 13:08:03.386 [main] JavaDriver - Execute only support Select
[INFO ] 2016-12-27 13:08:03.387 [main] JavaDriver - Statement is closed
[INFO ] 2016-12-27 13:08:03.417 [main] JavaDriver - Execute only support Select
[INFO ] 2016-12-27 13:08:03.424 [main] JavaDriver - Update is done successfully
[INFO ] 2016-12-27 13:08:03.431 [main] JavaDriver - Execute only support Select
[INFO ] 2016-12-27 13:08:03.440 [main] JavaDriver - Update is done successfully
[INFO ] 2016-12-27 13:08:03.453 [main] JavaDriver - Update is done successfully
[INFO ] 2016-12-27 13:08:03.480 [main] JavaDriver - Execution is done
[INFO ] 2016-12-27 13:08:03.480 [main] JavaDriver - Statement is closed
[INFO ] 2016-12-27 13:08:03.481 [main] JavaDriver - Connection closed sucessfully
[INFO ] 2016-12-27 13:08:03.481 [main] JavaDriver - A JDBC has been created
[INFO ] 2016-12-27 13:08:03.482 [main] JavaDriver - Connection created successfully
[INFO ] 2016-12-27 13:08:03.483 [main] JavaDriver - Execute only support Select
[INFO ] 2016-12-27 13:08:03.483 [main] JavaDriver - Execute only support Select
[INFO ] 2016-12-27 13:08:03.483 [main] JavaDriver - Statement is closed
[INFO ] 2016-12-27 13:08:03.487 [main] JavaDriver - Execute only support Select
[INFO ] 2016-12-27 13:08:03.496 [main] JavaDriver - Update is done successfully
[INFO ] 2016-12-27 13:08:03.502 [main] JavaDriver - Execute only support Select
[INFO ] 2016-12-27 13:08:03.509 [main] JavaDriver - Update is done successfully
[INFO ] 2016-12-27 13:08:03.516 [main] JavaDriver - Update is done successfully
[INFO ] 2016-12-27 13:08:03.531 [main] JavaDriver - Execute only support Select
[INFO ] 2016-12-27 13:08:03.568 [main] JavaDriver - Execution is done
[INFO ] 2016-12-27 13:08:03.569 [main] JavaDriver - Statement is closed
[INFO ] 2016-12-27 13:08:03.569 [main] JavaDriver - Connection closed sucessfully
[INFO ] 2016-12-27 13:08:03.576 [main] JavaDriver - A JDBC has been created
[INFO ] 2016-12-27 13:08:03.578 [main] JavaDriver - Connection created successfully
[INFO ] 2016-12-27 13:08:03.579 [main] JavaDriver - Execute only support Select
[INFO ] 2016-12-27 13:08:03.579 [main] JavaDriver - Execute only support Select
[INFO ] 2016-12-27 13:08:03.579 [main] JavaDriver - Statement is closed
[INFO ] 2016-12-27 13:08:03.583 [main] JavaDriver - Execute only support Select
[INFO ] 2016-12-27 13:08:03.589 [main] JavaDriver - Update is done successfully
[INFO ] 2016-12-27 13:08:03.589 [main] JavaDriver - Statement is closed
[ERROR] 2016-12-27 13:08:03.589 [main] JavaDriver - Error in execution
[INFO ] 2016-12-27 13:08:03.591 [main] JavaDriver - Connection closed sucessfully
[INFO ] 2016-12-27 13:08:03.592 [main] JavaDriver - A JDBC has been created
[INFO ] 2016-12-27 13:08:03.593 [main] JavaDriver - Connection created successfully
[INFO ] 2016-12-27 13:08:03.595 [main] JavaDriver - Execute only support Select
[INFO ] 2016-12-27 13:08:03.595 [main] JavaDriver - Execute only support Select
[INFO ] 2016-12-27 13:08:03.595 [main] JavaDriver - Statement is closed
[INFO ] 2016-12-27 13:08:03.599 [main] JavaDriver - Execute only support Select
[INFO ] 2016-12-27 13:08:03.605 [main] JavaDriver - Update is done successfully
[INFO ] 2016-12-27 13:08:03.611 [main] JavaDriver - Execute only support Select
[INFO ] 2016-12-27 13:08:03.619 [main] JavaDriver - Update is done successfully
[INFO ] 2016-12-27 13:08:03.639 [main] JavaDriver - Update is done successfully
[INFO ] 2016-12-27 13:08:03.660 [main] JavaDriver - Execution is done
[INFO ] 2016-12-27 13:08:03.660 [main] JavaDriver - Statement is closed
[INFO ] 2016-12-27 13:08:03.661 [main] JavaDriver - Connection closed sucessfully
[INFO ] 2016-12-27 13:08:03.662 [main] JavaDriver - A JDBC has been created
[INFO ] 2016-12-27 13:08:03.663 [main] JavaDriver - Connection created successfully
[INFO ] 2016-12-27 13:08:03.664 [main] JavaDriver - Execute only support Select
[INFO ] 2016-12-27 13:08:03.664 [main] JavaDriver - Execute only support Select
[INFO ] 2016-12-27 13:08:03.664 [main] JavaDriver - Statement is closed
[INFO ] 2016-12-27 13:08:03.668 [main] JavaDriver - Execute only support Select
[INFO ] 2016-12-27 13:08:03.668 [main] JavaDriver - Statement is closed
[ERROR] 2016-12-27 13:08:03.669 [main] JavaDriver - Execution isn't done
[ERROR] 2016-12-27 13:08:03.670 [main] JavaDriver - Execution isn't done
[INFO ] 2016-12-27 13:08:03.670 [main] JavaDriver - Connection closed sucessfully
[INFO ] 2016-12-27 13:08:03.670 [main] JavaDriver - A JDBC has been created
[INFO ] 2016-12-27 13:08:03.672 [main] JavaDriver - Connection created successfully
[INFO ] 2016-12-27 13:08:03.673 [main] JavaDriver - Execute only support Select
[INFO ] 2016-12-27 13:08:03.673 [main] JavaDriver - Execute only support Select
[INFO ] 2016-12-27 13:08:03.673 [main] JavaDriver - Statement is closed
[INFO ] 2016-12-27 13:08:03.678 [main] JavaDriver - Execute only support Select
[INFO ] 2016-12-27 13:08:03.685 [main] JavaDriver - Update is done successfully
[INFO ] 2016-12-27 13:08:03.686 [main] JavaDriver - Statement is closed
[INFO ] 2016-12-27 13:08:03.686 [main] JavaDriver - Connection closed sucessfully
[INFO ] 2016-12-27 13:08:03.686 [main] JavaDriver - A JDBC has been created
[INFO ] 2016-12-27 13:08:03.687 [main] JavaDriver - Connection created successfully
[INFO ] 2016-12-27 13:08:03.688 [main] JavaDriver - Execute only support Select
[INFO ] 2016-12-27 13:08:03.688 [main] JavaDriver - Execute only support Select
[INFO ] 2016-12-27 13:08:03.688 [main] JavaDriver - Statement is closed
[INFO ] 2016-12-27 13:08:03.737 [main] JavaDriver - Execute only support Select
[INFO ] 2016-12-27 13:08:03.742 [main] JavaDriver - Update is done successfully
[INFO ] 2016-12-27 13:08:03.751 [main] JavaDriver - Execute only support Select
[INFO ] 2016-12-27 13:08:03.758 [main] JavaDriver - Update is done successfully
[INFO ] 2016-12-27 13:08:03.788 [main] JavaDriver - Update is done successfully
[INFO ] 2016-12-27 13:08:03.796 [main] JavaDriver - Execution is done
[INFO ] 2016-12-27 13:08:03.805 [main] JavaDriver - Execution is done
[INFO ] 2016-12-27 13:08:03.805 [main] JavaDriver - Statement is closed
[INFO ] 2016-12-27 13:08:03.805 [main] JavaDriver - Connection closed sucessfully
[INFO ] 2016-12-27 13:08:03.806 [main] JavaDriver - A JDBC has been created
[INFO ] 2016-12-27 13:08:03.807 [main] JavaDriver - Connection created successfully
[INFO ] 2016-12-27 13:08:03.808 [main] JavaDriver - Execute only support Select
[INFO ] 2016-12-27 13:08:03.808 [main] JavaDriver - Execute only support Select
[INFO ] 2016-12-27 13:08:03.808 [main] JavaDriver - Statement is closed
[INFO ] 2016-12-27 13:08:03.811 [main] JavaDriver - Execute only support Select
[INFO ] 2016-12-27 13:08:03.817 [main] JavaDriver - Update is done successfully
[INFO ] 2016-12-27 13:08:03.825 [main] JavaDriver - Update is done successfully
[INFO ] 2016-12-27 13:08:03.831 [main] JavaDriver - Update is done successfully
[INFO ] 2016-12-27 13:08:03.837 [main] JavaDriver - Update is done successfully
[INFO ] 2016-12-27 13:08:03.837 [main] JavaDriver - Statement is closed
[INFO ] 2016-12-27 13:08:03.837 [main] JavaDriver - Connection closed sucessfully
[INFO ] 2016-12-27 13:08:03.838 [main] JavaDriver - A JDBC has been created
[INFO ] 2016-12-27 13:08:03.838 [main] JavaDriver - Connection created successfully
[INFO ] 2016-12-27 13:08:03.839 [main] JavaDriver - Execute only support Select
[INFO ] 2016-12-27 13:08:03.839 [main] JavaDriver - Execute only support Select
[INFO ] 2016-12-27 13:08:03.839 [main] JavaDriver - Statement is closed
[INFO ] 2016-12-27 13:08:03.843 [main] JavaDriver - Execute only support Select
[INFO ] 2016-12-27 13:08:03.847 [main] JavaDriver - Update is done successfully
[INFO ] 2016-12-27 13:08:03.847 [main] JavaDriver - Statement is closed
[INFO ] 2016-12-27 13:08:03.848 [main] JavaDriver - Connection closed sucessfully
[INFO ] 2016-12-27 13:08:03.849 [main] JavaDriver - A JDBC has been created
[INFO ] 2016-12-27 13:08:03.850 [main] JavaDriver - Connection created successfully
[INFO ] 2016-12-27 13:08:03.850 [main] JavaDriver - Execute only support Select
[INFO ] 2016-12-27 13:08:03.851 [main] JavaDriver - Execute only support Select
[INFO ] 2016-12-27 13:08:03.851 [main] JavaDriver - Statement is closed
[INFO ] 2016-12-27 13:08:03.854 [main] JavaDriver - Execute only support Select
[INFO ] 2016-12-27 13:08:03.861 [main] JavaDriver - Update is done successfully
[INFO ] 2016-12-27 13:08:03.867 [main] JavaDriver - Update is done successfully
[INFO ] 2016-12-27 13:08:03.880 [main] JavaDriver - Update is done successfully
[INFO ] 2016-12-27 13:08:03.887 [main] JavaDriver - Update is done successfully
[INFO ] 2016-12-27 13:08:03.891 [main] JavaDriver - Statement is closed
[INFO ] 2016-12-27 13:08:03.892 [main] JavaDriver - Connection closed sucessfully
[INFO ] 2016-12-27 13:08:03.893 [main] JavaDriver - A JDBC has been created
[INFO ] 2016-12-27 13:08:03.895 [main] JavaDriver - Connection created successfully
[INFO ] 2016-12-27 13:08:03.896 [main] JavaDriver - Execute only support Select
[INFO ] 2016-12-27 13:08:03.896 [main] JavaDriver - Execute only support Select
[INFO ] 2016-12-27 13:08:03.896 [main] JavaDriver - Statement is closed
[INFO ] 2016-12-27 13:08:03.899 [main] JavaDriver - Execute only support Select
[INFO ] 2016-12-27 13:08:03.903 [main] JavaDriver - Update is done successfully
[INFO ] 2016-12-27 13:08:03.907 [main] JavaDriver - Update is done successfully
[INFO ] 2016-12-27 13:08:03.912 [main] JavaDriver - Update is done successfully
[INFO ] 2016-12-27 13:08:03.918 [main] JavaDriver - Update is done successfully
[INFO ] 2016-12-27 13:08:03.918 [main] JavaDriver - Statement is closed
[INFO ] 2016-12-27 13:08:03.918 [main] JavaDriver - Connection closed sucessfully
[INFO ] 2016-12-27 13:08:03.919 [main] JavaDriver - A JDBC has been created
[INFO ] 2016-12-27 13:08:03.919 [main] JavaDriver - Connection created successfully
[INFO ] 2016-12-27 13:08:03.920 [main] JavaDriver - Execute only support Select
[INFO ] 2016-12-27 13:08:03.920 [main] JavaDriver - Execute only support Select
[INFO ] 2016-12-27 13:08:03.920 [main] JavaDriver - Statement is closed
[ERROR] 2016-12-27 13:08:03.920 [main] JavaDriver - Execution isn't done
[INFO ] 2016-12-27 13:08:03.920 [main] JavaDriver - Connection closed sucessfully
[INFO ] 2016-12-27 13:08:03.921 [main] JavaDriver - A JDBC has been created
[INFO ] 2016-12-27 13:08:03.922 [main] JavaDriver - Connection created successfully
[INFO ] 2016-12-27 13:08:03.922 [main] JavaDriver - Execute only support Select
[INFO ] 2016-12-27 13:08:03.922 [main] JavaDriver - Execute only support Select
[INFO ] 2016-12-27 13:08:03.923 [main] JavaDriver - Statement is closed
[INFO ] 2016-12-27 13:08:03.926 [main] JavaDriver - Execute only support Select
[INFO ] 2016-12-27 13:08:03.930 [main] JavaDriver - Update is done successfully
[INFO ] 2016-12-27 13:08:03.935 [main] JavaDriver - Update is done successfully
[INFO ] 2016-12-27 13:08:03.940 [main] JavaDriver - Update is done successfully
[INFO ] 2016-12-27 13:08:03.950 [main] JavaDriver - Update is done successfully
[INFO ] 2016-12-27 13:08:03.950 [main] JavaDriver - Statement is closed
[INFO ] 2016-12-27 13:08:03.950 [main] JavaDriver - Connection closed sucessfully
